[2026-06-12 17:01:01,505] INFO [Broker id=1] Transitioning 1 partition(s) to local leaders. (state.change.logger)
[2026-06-12 17:01:01,512] INFO [Broker id=1] Creating new partition rfid-events-0 with topic id O4PMSoimQdGoaB2StIrNRA. (state.change.logger)
[2026-06-12 17:01:01,526] INFO [Broker id=1] The topic partition rfid-events-0 was marked as RECOVERING. Marking the topic partition as RECOVERED. (state.change.logger)
[2026-06-12 17:01:01,538] INFO [Broker id=1] Leader rfid-events-0 with topic id Some(O4PMSoimQdGoaB2StIrNRA) starts at leader epoch 66 from offset 61 with partition epoch 80, high watermark 61, ISR [1], adding replicas [] and removing replicas [] . Previous leader None and previous leader epoch was -1. (state.change.logger)
[2026-06-12 17:01:10,256] INFO [Broker id=1] Transitioning 1 partition(s) to local followers. (state.change.logger)
[2026-06-12 17:01:10,261] INFO [Broker id=1] Follower rfid-events-0 starts at leader epoch 67 from offset 61 with partition epoch 81 and high watermark 61. Current leader is -1. Previous leader Some(1) and previous leader epoch was 66. (state.change.logger)
[2026-06-12 17:01:10,264] INFO [Broker id=1] Stopped fetchers as part of become-follower for 1 partitions (state.change.logger)
[2026-06-12 17:01:10,268] INFO [Broker id=1] Started fetchers as part of become-follower for 1 partitions (state.change.logger)
[2026-06-12 17:01:11,427] INFO [Broker id=1] Transitioning 1 partition(s) to local followers. (state.change.logger)
[2026-06-12 17:01:11,432] INFO [Broker id=1] Skipped the become-follower state change for rfid-events-0 with topic id Some(O4PMSoimQdGoaB2StIrNRA), partition registration PartitionRegistration(replicas=[1], directories=[nbEqKwsKQcGVp4KX7Hh-BQ], isr=[], removingReplicas=[], addingReplicas=[], elr=[], lastKnownElr=[1], leader=-1, leaderRecoveryState=RECOVERING, leaderEpoch=67, partitionEpoch=82) and isNew=false since it is already a follower with leader epoch 67. (state.change.logger)
[2026-06-12 17:01:11,492] INFO [Broker id=1] Transitioning 1 partition(s) to local leaders. (state.change.logger)
[2026-06-12 17:01:11,492] INFO [Broker id=1] The topic partition rfid-events-0 was marked as RECOVERING. Marking the topic partition as RECOVERED. (state.change.logger)
[2026-06-12 17:01:11,493] INFO [Broker id=1] Leader rfid-events-0 with topic id Some(O4PMSoimQdGoaB2StIrNRA) starts at leader epoch 68 from offset 61 with partition epoch 83, high watermark 61, ISR [1], adding replicas [] and removing replicas [] . Previous leader Some(-1) and previous leader epoch was 67. (state.change.logger)
[2026-06-12 17:27:14,082] INFO [Broker id=1] Transitioning 1 partition(s) to local leaders. (state.change.logger)
[2026-06-12 17:27:14,085] INFO [Broker id=1] Creating new partition rfid-events-0 with topic id O4PMSoimQdGoaB2StIrNRA. (state.change.logger)
[2026-06-12 17:27:14,096] INFO [Broker id=1] The topic partition rfid-events-0 was marked as RECOVERING. Marking the topic partition as RECOVERED. (state.change.logger)
[2026-06-12 17:27:14,107] INFO [Broker id=1] Leader rfid-events-0 with topic id Some(O4PMSoimQdGoaB2StIrNRA) starts at leader epoch 68 from offset 61 with partition epoch 83, high watermark 61, ISR [1], adding replicas [] and removing replicas [] . Previous leader None and previous leader epoch was -1. (state.change.logger)
[2026-06-12 17:27:22,823] INFO [Broker id=1] Transitioning 1 partition(s) to local followers. (state.change.logger)
[2026-06-12 17:27:22,829] INFO [Broker id=1] Follower rfid-events-0 starts at leader epoch 69 from offset 61 with partition epoch 84 and high watermark 61. Current leader is -1. Previous leader Some(1) and previous leader epoch was 68. (state.change.logger)
[2026-06-12 17:27:22,829] INFO [Broker id=1] Stopped fetchers as part of become-follower for 1 partitions (state.change.logger)
[2026-06-12 17:27:22,835] INFO [Broker id=1] Started fetchers as part of become-follower for 1 partitions (state.change.logger)
[2026-06-12 17:27:23,991] INFO [Broker id=1] Transitioning 1 partition(s) to local followers. (state.change.logger)
[2026-06-12 17:27:23,996] INFO [Broker id=1] Skipped the become-follower state change for rfid-events-0 with topic id Some(O4PMSoimQdGoaB2StIrNRA), partition registration PartitionRegistration(replicas=[1], directories=[nbEqKwsKQcGVp4KX7Hh-BQ], isr=[], removingReplicas=[], addingReplicas=[], elr=[], lastKnownElr=[1], leader=-1, leaderRecoveryState=RECOVERING, leaderEpoch=69, partitionEpoch=85) and isNew=false since it is already a follower with leader epoch 69. (state.change.logger)
[2026-06-12 17:27:24,053] INFO [Broker id=1] Transitioning 1 partition(s) to local leaders. (state.change.logger)
[2026-06-12 17:27:24,054] INFO [Broker id=1] The topic partition rfid-events-0 was marked as RECOVERING. Marking the topic partition as RECOVERED. (state.change.logger)
[2026-06-12 17:27:24,054] INFO [Broker id=1] Leader rfid-events-0 with topic id Some(O4PMSoimQdGoaB2StIrNRA) starts at leader epoch 70 from offset 61 with partition epoch 86, high watermark 61, ISR [1], adding replicas [] and removing replicas [] . Previous leader Some(-1) and previous leader epoch was 69. (state.change.logger)
